<?xml version="1.0" encoding="UTF-8"?>
<!-- Generated by org.testng.reporters.JUnitXMLReporter -->
<testsuite ignored="0" hostname="Asma" failures="1" tests="10" name="Surefire test" time="38.617" errors="0" timestamp="2025-08-04T18:42:21 CET">
  <testcase classname="com.lieairecode.TestStSauceLabs" name="failedLoginTest" time="0.368"/>
  <testcase classname="com.lieairecode.TestStSauceLabs" name="lockedOutUserTest" time="0.293"/>
  <testcase classname="com.lieairecode.TestStSauceLabs" name="validLoginTest" time="0.329"/>
  <testcase classname="com.lieairecode.TestStSauceLabs" name="addToCartTest" time="0.16"/>
  <testcase classname="com.lieairecode.TestStSauceLabs" name="viewCartTest" time="0.143"/>
  <testcase classname="com.lieairecode.TestStSauceLabs" name="removeFromCartTest" time="0.089"/>
  <testcase classname="com.lieairecode.TestStSauceLabs" name="checkoutTest" time="0.515"/>
  <testcase classname="com.lieairecode.TestStSauceLabs" name="filterProductsTest" time="0.378"/>
  <testcase classname="com.lieairecode.TestStSauceLabs" name="addToCartInexistentProductTest" time="30.349">
    <failure type="org.openqa.selenium.TimeoutException" message="Expected condition failed: waiting for visibility of element located by By.xpath: /html/body/div/div/div/div[2]/div/div/div/div[1]/div[2]/div[2]/button[19] (tried for 30 second(s) with 500 milliseconds interval)
Build info: version: &amp;apos;4.23.0&amp;apos;, revision: &amp;apos;4df0a231af&amp;apos;
System info: os.name: &amp;apos;Windows 11&amp;apos;, os.arch: &amp;apos;amd64&amp;apos;, os.version: &amp;apos;10.0&amp;apos;, java.version: &amp;apos;21.0.8&amp;apos;
Driver info: org.openqa.selenium.chrome.ChromeDriver
Capabilities {acceptInsecureCerts: false, browserName: chrome, browserVersion: 138.0.7204.183, chrome: {chromedriverVersion: 138.0.7204.183 (e90faf484dd..., userDataDir: C:\Users\sliti\AppData\Loca...}, fedcm:accounts: true, goog:chromeOptions: {debuggerAddress: localhost:63879}, networkConnectionEnabled: false, pageLoadStrategy: normal, platformName: windows, proxy: Proxy(), se:cdp: ws://localhost:63879/devtoo..., se:cdpVersion: 138.0.7204.183, setWindowRect: true, strictFileInteractability: false, timeouts: {implicit: 0, pageLoad: 300000, script: 30000}, unhandledPromptBehavior: dismiss and notify, webauthn:extension:credBlob: true, webauthn:extension:largeBlob: true, webauthn:extension:minPinLength: true, webauthn:extension:prf: true, webauthn:virtualAuthenticators: true}
Session ID: f56317c598474bfb8ce45506bb525d5f">
      <![CDATA[org.openqa.selenium.TimeoutException: Expected condition failed: waiting for visibility of element located by By.xpath: /html/body/div/div/div/div[2]/div/div/div/div[1]/div[2]/div[2]/button[19] (tried for 30 second(s) with 500 milliseconds interval)
Build info: version: '4.23.0', revision: '4df0a231af'
System info: os.name: 'Windows 11', os.arch: 'amd64', os.version: '10.0', java.version: '21.0.8'
Driver info: org.openqa.selenium.chrome.ChromeDriver
Capabilities {acceptInsecureCerts: false, browserName: chrome, browserVersion: 138.0.7204.183, chrome: {chromedriverVersion: 138.0.7204.183 (e90faf484dd..., userDataDir: C:\Users\sliti\AppData\Loca...}, fedcm:accounts: true, goog:chromeOptions: {debuggerAddress: localhost:63879}, networkConnectionEnabled: false, pageLoadStrategy: normal, platformName: windows, proxy: Proxy(), se:cdp: ws://localhost:63879/devtoo..., se:cdpVersion: 138.0.7204.183, setWindowRect: true, strictFileInteractability: false, timeouts: {implicit: 0, pageLoad: 300000, script: 30000}, unhandledPromptBehavior: dismiss and notify, webauthn:extension:credBlob: true, webauthn:extension:largeBlob: true, webauthn:extension:minPinLength: true, webauthn:extension:prf: true, webauthn:virtualAuthenticators: true}
Session ID: f56317c598474bfb8ce45506bb525d5f
at org.openqa.selenium.support.ui.WebDriverWait.timeoutException(WebDriverWait.java:84)
at org.openqa.selenium.support.ui.FluentWait.until(FluentWait.java:228)
at com.lieairecode.TestStSauceLabs.addToCartInexistentProductTest(TestStSauceLabs.java:303)
at java.base/java.util.ArrayList.forEach(ArrayList.java:1596)
... Removed 30 stack frames]]>
    </failure>
  </testcase> <!-- addToCartInexistentProductTest -->
  <testcase classname="com.lieairecode.TestStSauceLabs" name="logoutTest" time="0.819"/>
</testsuite> <!-- Surefire test -->
