<?xml version="1.0" encoding="UTF-8"?>
<!-- Generated by org.testng.reporters.JUnitXMLReporter -->
<testsuite ignored="0" hostname="Asma" failures="1" tests="10" name="SauceLabsTests" time="44.699" errors="0" timestamp="2024-10-13T17:35:45 WAT">
  <testcase classname="com.lieairecode.StSauceLabs" name="failedLoginTest" time="0.506"/>
  <testcase classname="com.lieairecode.StSauceLabs" name="lockedOutUserTest" time="0.515"/>
  <testcase classname="com.lieairecode.StSauceLabs" name="validLoginTest" time="0.533"/>
  <testcase classname="com.lieairecode.StSauceLabs" name="addToCartTest" time="0.124"/>
  <testcase classname="com.lieairecode.StSauceLabs" name="viewCartTest" time="0.157"/>
  <testcase classname="com.lieairecode.StSauceLabs" name="removeFromCartTest" time="0.141"/>
  <testcase classname="com.lieairecode.StSauceLabs" name="checkoutTest" time="0.656"/>
  <testcase classname="com.lieairecode.StSauceLabs" name="filterProductsTest" time="0.42"/>
  <testcase classname="com.lieairecode.StSauceLabs" name="addToCartinexsitantproductTest" time="30.418">
    <failure type="org.openqa.selenium.TimeoutException" message="Expected condition failed: waiting for visibility of element located by By.xpath: /html[1]/body[1]/div[1]/div[2]/div[2]/div[1]/div[2]/div[1]/div[1]/div[3]/button[19] (tried for 30 second(s) with 500 milliseconds interval)
Build info: version: &amp;apos;4.23.0&amp;apos;, revision: &amp;apos;4df0a231af&amp;apos;
System info: os.name: &amp;apos;Windows 11&amp;apos;, os.arch: &amp;apos;amd64&amp;apos;, os.version: &amp;apos;10.0&amp;apos;, java.version: &amp;apos;11.0.17&amp;apos;
Driver info: org.openqa.selenium.chrome.ChromeDriver
Capabilities {acceptInsecureCerts: false, browserName: chrome, browserVersion: 129.0.6668.90, chrome: {chromedriverVersion: 129.0.6668.100 (cf58cba358d..., userDataDir: C:\Users\sliti\AppData\Loca...}, fedcm:accounts: true, goog:chromeOptions: {debuggerAddress: localhost:49672}, networkConnectionEnabled: false, pageLoadStrategy: normal, platformName: windows, proxy: Proxy(), se:cdp: ws://localhost:49672/devtoo..., se:cdpVersion: 129.0.6668.90, setWindowRect: true, strictFileInteractability: false, timeouts: {implicit: 0, pageLoad: 300000, script: 30000}, unhandledPromptBehavior: dismiss and notify, webauthn:extension:credBlob: true, webauthn:extension:largeBlob: true, webauthn:extension:minPinLength: true, webauthn:extension:prf: true, webauthn:virtualAuthenticators: true}
Session ID: e715469d9e519bdb5234ac51457283b2">
      <![CDATA[org.openqa.selenium.TimeoutException: Expected condition failed: waiting for visibility of element located by By.xpath: /html[1]/body[1]/div[1]/div[2]/div[2]/div[1]/div[2]/div[1]/div[1]/div[3]/button[19] (tried for 30 second(s) with 500 milliseconds interval)
Build info: version: '4.23.0', revision: '4df0a231af'
System info: os.name: 'Windows 11', os.arch: 'amd64', os.version: '10.0', java.version: '11.0.17'
Driver info: org.openqa.selenium.chrome.ChromeDriver
Capabilities {acceptInsecureCerts: false, browserName: chrome, browserVersion: 129.0.6668.90, chrome: {chromedriverVersion: 129.0.6668.100 (cf58cba358d..., userDataDir: C:\Users\sliti\AppData\Loca...}, fedcm:accounts: true, goog:chromeOptions: {debuggerAddress: localhost:49672}, networkConnectionEnabled: false, pageLoadStrategy: normal, platformName: windows, proxy: Proxy(), se:cdp: ws://localhost:49672/devtoo..., se:cdpVersion: 129.0.6668.90, setWindowRect: true, strictFileInteractability: false, timeouts: {implicit: 0, pageLoad: 300000, script: 30000}, unhandledPromptBehavior: dismiss and notify, webauthn:extension:credBlob: true, webauthn:extension:largeBlob: true, webauthn:extension:minPinLength: true, webauthn:extension:prf: true, webauthn:virtualAuthenticators: true}
Session ID: e715469d9e519bdb5234ac51457283b2
at org.openqa.selenium.support.ui.WebDriverWait.timeoutException(WebDriverWait.java:84)
at org.openqa.selenium.support.ui.FluentWait.until(FluentWait.java:228)
at com.lieairecode.StSauceLabs.addToCartinexsitantproductTest(StSauceLabs.java:367)
at java.base/java.util.ArrayList.forEach(ArrayList.java:1541)
... Removed 27 stack frames]]>
    </failure>
  </testcase> <!-- addToCartinexsitantproductTest -->
  <testcase classname="com.lieairecode.StSauceLabs" name="logoutTest" time="0.893"/>
</testsuite> <!-- SauceLabsTests -->
